Performing C SOURCE FILE Test CMAKE_HAVE_LIBC_PTHREAD failed with the following output:
Change Dir: /workspace/FlexRenderer/bindings/build/CMakeFiles/CMakeScratch/TryCompile-qUPzn4

Run Build Command(s):/usr/bin/make -f Makefile cmTC_bff44/fast && /usr/bin/make  -f CMakeFiles/cmTC_bff44.dir/build.make CMakeFiles/cmTC_bff44.dir/build
make[1]: Entering directory '/workspace/FlexRenderer/bindings/build/CMakeFiles/CMakeScratch/TryCompile-qUPzn4'
Building C object CMakeFiles/cmTC_bff44.dir/src.c.o
/usr/bin/cc -DCMAKE_HAVE_LIBC_PTHREAD  -fPIC  -o CMakeFiles/cmTC_bff44.dir/src.c.o -c /workspace/FlexRenderer/bindings/build/CMakeFiles/CMakeScratch/TryCompile-qUPzn4/src.c
Linking C executable cmTC_bff44
/home/zhx/anaconda3/envs/rlenv/lib/python3.8/site-packages/cmake/data/bin/cmake -E cmake_link_script CMakeFiles/cmTC_bff44.dir/link.txt --verbose=1
/usr/bin/cc -fPIC  CMakeFiles/cmTC_bff44.dir/src.c.o -o cmTC_bff44 
CMakeFiles/cmTC_bff44.dir/src.c.o: In function `main':
src.c:(.text+0x3e): undefined reference to `pthread_create'
src.c:(.text+0x4a): undefined reference to `pthread_detach'
src.c:(.text+0x56): undefined reference to `pthread_cancel'
src.c:(.text+0x67): undefined reference to `pthread_join'
src.c:(.text+0x7b): undefined reference to `pthread_atfork'
collect2: error: ld returned 1 exit status
CMakeFiles/cmTC_bff44.dir/build.make:98: recipe for target 'cmTC_bff44' failed
make[1]: *** [cmTC_bff44] Error 1
make[1]: Leaving directory '/workspace/FlexRenderer/bindings/build/CMakeFiles/CMakeScratch/TryCompile-qUPzn4'
Makefile:127: recipe for target 'cmTC_bff44/fast' failed
make: *** [cmTC_bff44/fast] Error 2


Source file was:
#include <pthread.h>

static void* test_func(void* data)
{
  return data;
}

int main(void)
{
  pthread_t thread;
  pthread_create(&thread, NULL, test_func, NULL);
  pthread_detach(thread);
  pthread_cancel(thread);
  pthread_join(thread, NULL);
  pthread_atfork(NULL, NULL, NULL);
  pthread_exit(NULL);

  return 0;
}


Determining if the function pthread_create exists in the pthreads failed with the following output:
Change Dir: /workspace/FlexRenderer/bindings/build/CMakeFiles/CMakeScratch/TryCompile-GOo2s1

Run Build Command(s):/usr/bin/make -f Makefile cmTC_540d2/fast && /usr/bin/make  -f CMakeFiles/cmTC_540d2.dir/build.make CMakeFiles/cmTC_540d2.dir/build
make[1]: Entering directory '/workspace/FlexRenderer/bindings/build/CMakeFiles/CMakeScratch/TryCompile-GOo2s1'
Building C object CMakeFiles/cmTC_540d2.dir/CheckFunctionExists.c.o
/usr/bin/cc   -fPIC -DCHECK_FUNCTION_EXISTS=pthread_create -o CMakeFiles/cmTC_540d2.dir/CheckFunctionExists.c.o -c /workspace/FlexRenderer/bindings/build/CMakeFiles/CMakeScratch/TryCompile-GOo2s1/CheckFunctionExists.c
Linking C executable cmTC_540d2
/home/zhx/anaconda3/envs/rlenv/lib/python3.8/site-packages/cmake/data/bin/cmake -E cmake_link_script CMakeFiles/cmTC_540d2.dir/link.txt --verbose=1
/usr/bin/cc -fPIC -DCHECK_FUNCTION_EXISTS=pthread_create CMakeFiles/cmTC_540d2.dir/CheckFunctionExists.c.o -o cmTC_540d2  -lpthreads 
/usr/bin/ld: cannot find -lpthreads
collect2: error: ld returned 1 exit status
CMakeFiles/cmTC_540d2.dir/build.make:98: recipe for target 'cmTC_540d2' failed
make[1]: *** [cmTC_540d2] Error 1
make[1]: Leaving directory '/workspace/FlexRenderer/bindings/build/CMakeFiles/CMakeScratch/TryCompile-GOo2s1'
Makefile:127: recipe for target 'cmTC_540d2/fast' failed
make: *** [cmTC_540d2/fast] Error 2



